This is pdfTeX, Version 3.141592-1.40.3 (MiKTeX 2.6) (preloaded format=pdflatex 2008.12.8)  8 JAN 2009 15:15
entering extended mode
**C:/TIRAC/Tek/article.tex
(C:\TIRAC\Tek\article.tex
LaTeX2e <2005/12/01>
Babel <v3.8g> and hyphenation patterns for english, dumylang, nohyphenation, german, ngerman, french, loaded.
(jss.cls
Document Class: jss 2008/04/07 1.8 jss class by Achim Zeileis
(C:\MiKTeX2.6\tex\latex\base\article.cls
Document Class: article 2005/09/16 v1.4f Standard LaTeX document class
(C:\MiKTeX2.6\tex\latex\base\size11.clo
File: size11.clo 2005/09/16 v1.4f Standard LaTeX file (size option)
)
\c@part=\count79
\c@section=\count80
\c@subsection=\count81
\c@subsubsection=\count82
\c@paragraph=\count83
\c@subparagraph=\count84
\c@figure=\count85
\c@table=\count86
\abovecaptionskip=\skip41
\belowcaptionskip=\skip42
\bibindent=\dimen102
) (C:\MiKTeX2.6\tex\latex\graphics\graphicx.sty
Package: graphicx 1999/02/16 v1.0f Enhanced LaTeX Graphics (DPC,SPQR)

(C:\MiKTeX2.6\tex\latex\graphics\keyval.sty
Package: keyval 1999/03/16 v1.13 key=value parser (DPC)
\KV@toks@=\toks14
) (C:\MiKTeX2.6\tex\latex\graphics\graphics.sty
Package: graphics 2006/02/20 v1.0o Standard LaTeX Graphics (DPC,SPQR)

(C:\MiKTeX2.6\tex\latex\graphics\trig.sty
Package: trig 1999/03/16 v1.09 sin cos tan (DPC)
) (C:\MiKTeX2.6\tex\latex\00miktex\graphics.cfg
File: graphics.cfg 2005/12/29 v1.2 MiKTeX 'graphics' configuration
)
Package graphics Info: Driver file: pdftex.def on input line 90.

(C:\MiKTeX2.6\tex\latex\graphics\pdftex.def
File: pdftex.def 2007/04/17 v0.04g Graphics/color for pdfTeX
\Gread@gobject=\count87
))
\Gin@req@height=\dimen103
\Gin@req@width=\dimen104
) (C:\MiKTeX2.6\tex\latex\ltxmisc\a4wide.sty
Package: a4wide 1994/08/30
 (a4.sty
Package: a4 1999/03/03 v1.2f A4 based page layout
))
(C:\MiKTeX2.6\tex\latex\graphics\color.sty
Package: color 2005/11/14 v1.0j Standard LaTeX Color (DPC)
 (C:\MiKTeX2.6\tex\latex\00miktex\color.cfg
File: color.cfg 2005/12/29 v1.1 MiKTeX 'color' configuration
)
Package color Info: Driver file: pdftex.def on input line 130.
)
(C:\MiKTeX2.6\tex\latex\ae\ae.sty
Package: ae 2001/02/12 1.3 Almost European Computer Modern
 (C:\MiKTeX2.6\tex\latex\base\fontenc.sty
Package: fontenc 2005/09/27 v1.99g Standard LaTeX package
 (C:\MiKTeX2.6\tex\latex\base\t1enc.def
File: t1enc.def 2005/09/27 v1.99g Standard LaTeX file
LaTeX Font Info:    Redeclaring font encoding T1 on input line 43.
)
LaTeX Font Info:    Try loading font information for T1+aer on input line 100.

(C:\MiKTeX2.6\tex\latex\ae\t1aer.fd
File: t1aer.fd 1997/11/16 Font definitions for T1/aer.
))) (fancyvrb.sty
Package: fancyvrb 1998/07/17

Style option: `fancyvrb' v2.6, with DG/SPQR fixes <1998/07/17> (tvz)
\FV@CodeLineNo=\count88
\FV@InFile=\read1
\FV@TabBox=\box26
\c@FancyVerbLine=\count89
\FV@StepNumber=\count90
\FV@OutFile=\write3

No file fancyvrb.cfg.
) (C:\MiKTeX2.6\tex\latex\base\fontenc.sty
Package: fontenc 2005/09/27 v1.99g Standard LaTeX package
 (C:\MiKTeX2.6\tex\latex\base\t1enc.def
File: t1enc.def 2005/09/27 v1.99g Standard LaTeX file
LaTeX Font Info:    Redeclaring font encoding T1 on input line 43.
)) (upquote.sty
Package: upquote 2000/12/11 Covington's upright-quote modification to verbatim and verb
) (natbib.sty
Package: natbib 1998/07/14 6.8c (PWD)
\bibhang=\skip43
\bibsep=\skip44
LaTeX Info: Redefining \cite on input line 467.
\c@NAT@ctr=\count91
)
\footerskip=\skip45

(C:\MiKTeX2.6\tex\latex\hyperref\hyperref.sty
Package: hyperref 2007/05/03 v6.76e Hypertext links for LaTeX
 (C:\MiKTeX2.6\tex\latex\oberdiek\hycolor.sty
Package: hycolor 2007/04/11 v1.1 Code for color options of hyperref/bookmark (HO)
)
\@linkdim=\dimen105
\Hy@linkcounter=\count92
\Hy@pagecounter=\count93

(C:\MiKTeX2.6\tex\latex\hyperref\pd1enc.def
File: pd1enc.def 2007/05/03 v6.76e Hyperref: PDFDocEncoding definition (HO)
) (C:\MiKTeX2.6\tex\latex\00miktex\hyperref.cfg
File: hyperref.cfg 2006/02/14 v1.1 MiKTeX 'hyperref' configuration
)
(C:\MiKTeX2.6\tex\latex\oberdiek\kvoptions.sty
Package: kvoptions 2007/05/06 v2.6 Connects package keyval with LaTeX options (HO)
)
Package hyperref Info: Hyper figures OFF on input line 2491.
Package hyperref Info: Link nesting OFF on input line 2496.
Package hyperref Info: Hyper index ON on input line 2499.
Package hyperref Info: Plain pages OFF on input line 2506.
Package hyperref Info: Backreferencing OFF on input line 2511.

Implicit mode ON; LaTeX internals redefined
Package hyperref Info: Bookmarks ON on input line 2661.
(C:\MiKTeX2.6\tex\latex\ltxmisc\url.sty
\Urlmuskip=\muskip10
Package: url 2005/06/27  ver 3.2  Verb mode for urls, etc.
)
LaTeX Info: Redefining \url on input line 2816.
\Fld@menulength=\count94
\Field@Width=\dimen106
\Fld@charsize=\dimen107
\Choice@toks=\toks15
\Field@toks=\toks16
Package hyperref Info: Hyper figures OFF on input line 3300.
Package hyperref Info: Link nesting OFF on input line 3305.
Package hyperref Info: Hyper index ON on input line 3308.
Package hyperref Info: backreferencing OFF on input line 3315.
Package hyperref Info: Link coloring OFF on input line 3320.
\Hy@abspage=\count95
\c@Item=\count96
\c@Hfootnote=\count97
)
*hyperref using default driver hpdftex*
(C:\MiKTeX2.6\tex\latex\hyperref\hpdftex.def
File: hpdftex.def 2007/05/03 v6.76e Hyperref driver for pdfTeX
\Fld@listcount=\count98
)
\preXLskip=\skip46
\preLskip=\skip47
\preMskip=\skip48
\preSskip=\skip49
\postMskip=\skip50
\postSskip=\skip51


Package hyperref Warning: Option `hyperindex' has already been used,
(hyperref)                setting the option has no effect on input line 435.

Package hyperref Info: Option `colorlinks' set `true' on input line 435.
Package hyperref Info: Option `linktocpage' set `true' on input line 435.
Package hyperref Info: Option `plainpages' set `false' on input line 435.
) (article.aux)
LaTeX Font Info:    Checking defaults for OML/cmm/m/it on input line 60.
LaTeX Font Info:    ... okay on input line 60.
LaTeX Font Info:    Checking defaults for T1/cmr/m/n on input line 60.
LaTeX Font Info:    ... okay on input line 60.
LaTeX Font Info:    Checking defaults for OT1/cmr/m/n on input line 60.
LaTeX Font Info:    ... okay on input line 60.
LaTeX Font Info:    Checking defaults for OMS/cmsy/m/n on input line 60.
LaTeX Font Info:    ... okay on input line 60.
LaTeX Font Info:    Checking defaults for OMX/cmex/m/n on input line 60.
LaTeX Font Info:    ... okay on input line 60.
LaTeX Font Info:    Checking defaults for U/cmr/m/n on input line 60.
LaTeX Font Info:    ... okay on input line 60.
LaTeX Font Info:    Checking defaults for PD1/pdf/m/n on input line 60.
LaTeX Font Info:    ... okay on input line 60.
 (C:\MiKTeX2.6\tex\context\base\supp-pdf.tex
[Loading MPS to PDF converter (version 2006.09.02).]
\scratchcounter=\count99
\scratchdimen=\dimen108
\scratchbox=\box27
\nofMPsegments=\count100
\nofMParguments=\count101
\MPscratchCnt=\count102
\MPscratchDim=\dimen109
\MPnumerator=\count103
\everyMPtoPDFconversion=\toks17
)
Package hyperref Info: Link coloring ON on input line 60.
 (C:\MiKTeX2.6\tex\latex\hyperref\nameref.sty
Package: nameref 2007/05/02 v2.30 Cross-referencing by name of section
 (C:\MiKTeX2.6\tex\latex\oberdiek\refcount.sty
Package: refcount 2006/02/20 v3.0 Data extraction from references (HO)
)
\c@section@level=\count104
)
LaTeX Info: Redefining \ref on input line 60.
LaTeX Info: Redefining \pageref on input line 60.
 (article.out)
(article.out)
\@outlinefile=\write4
 <jsslogo.jpg, id=35, 540.0175pt x 393.47pt>
File: jsslogo.jpg Graphic file (type jpg)
 <use jsslogo.jpg>
LaTeX Font Info:    Try loading font information for T1+pzc on input line 60.
 (C:\MiKTeX2.6\tex\latex\psnfss\t1pzc.fd
File: t1pzc.fd 2001/06/04 font definitions for T1/pzc.
)
LaTeX Font Info:    Font shape `T1/pzc/m/n' in size <28> not available
(Font)              Font shape `T1/pzc/mb/it' tried instead on input line 60.
LaTeX Font Info:    External font `cmex10' loaded for size
(Font)              <10.95> on input line 60.
LaTeX Font Info:    External font `cmex10' loaded for size
(Font)              <8> on input line 60.
LaTeX Font Info:    External font `cmex10' loaded for size
(Font)              <6> on input line 60.
LaTeX Font Info:    Try loading font information for T1+aess on input line 60.

(C:\MiKTeX2.6\tex\latex\ae\t1aess.fd
File: t1aess.fd 1997/11/16 Font definitions for T1/aess.
)
LaTeX Font Info:    Try loading font information for OMS+aer on input line 69.
 (C:\MiKTeX2.6\tex\latex\ae\omsaer.fd
File: omsaer.fd 1999/12/27
)
LaTeX Font Info:    Font shape `OMS/aer/m/n' in size <10.95> not available
(Font)              Font shape `OMS/cmsy/m/n' tried instead on input line 69.
 [1

{psfonts.map} <jsslogo.jpg>]
Overfull \hbox (5.47499pt too wide) has occurred while \output is active
[]\T1/aer/m/n/10.95 2 []
 []

[2] <C:/TIRAC/Tek/barplot1.jpg, id=56, 335.75438pt x 335.75438pt>
File: C:/TIRAC/Tek/barplot1.jpg Graphic file (type jpg)
 <use C:/TIRAC/Tek/barplot1.jpg>
<C:/TIRAC/Tek/barplot2.jpg, id=57, 335.75438pt x 335.75438pt>
File: C:/TIRAC/Tek/barplot2.jpg Graphic file (type jpg)
 <use C:/TIRAC/Tek/barplot2.jpg>

LaTeX Warning: `h' float specifier changed to `ht'.

<C:/TIRAC/Tek/barplot3.jpg, id=58, 335.75438pt x 335.75438pt>
File: C:/TIRAC/Tek/barplot3.jpg Graphic file (type jpg)
 <use C:/TIRAC/Tek/barplot3.jpg>

LaTeX Warning: `h' float specifier changed to `ht'.


Underfull \vbox (badness 1231) has occurred while \output is active []


Overfull \hbox (5.47499pt too wide) has occurred while \output is active
[][] \T1/aer/m/n/10.95 3
 []

[3 <C:/TIRAC/Tek/barplot1.jpg>]
Underfull \vbox (badness 10000) has occurred while \output is active []


Overfull \hbox (5.47499pt too wide) has occurred while \output is active
[]\T1/aer/m/n/10.95 4 []
 []

[4 <C:/TIRAC/Tek/barplot2.jpg>]
Overfull \hbox (5.47499pt too wide) has occurred while \output is active
[][] \T1/aer/m/n/10.95 5
 []

[5 <C:/TIRAC/Tek/barplot3.jpg>]
LaTeX Font Info:    Try loading font information for T1+cmtt on input line 182.
 (C:\MiKTeX2.6\tex\latex\base\t1cmtt.fd
File: t1cmtt.fd 1999/05/25 v2.5h Standard LaTeX font definitions
)
LaTeX Font Info:    Font shape `T1/pzc/m/n' in size <13> not available
(Font)              Font shape `T1/pzc/mb/it' tried instead on input line 182.

Underfull \vbox (badness 10000) has occurred while \output is active []


Overfull \hbox (5.47499pt too wide) has occurred while \output is active
[]\T1/aer/m/n/10.95 6 []
 []

[6]
Overfull \hbox (5.47499pt too wide) has occurred while \output is active
[][] \T1/aer/m/n/10.95 7
 []

[7] (article.aux)

LaTeX Warning: Label(s) may have changed. Rerun to get cross-references right.

 ) 
Here is how much of TeX's memory you used:
 4314 strings out of 95305
 56295 string characters out of 1185630
 111437 words of memory out of 1111553
 7257 multiletter control sequences out of 60000
 41965 words of font info for 71 fonts, out of 1000000 for 2000
 14 hyphenation exceptions out of 8191
 35i,9n,34p,761b,398s stack positions out of 5000i,500n,10000p,200000b,32768s
 <C:\ProgramData\MiKTeX\2.6\fonts\pk\ljfour\jknappen\ec\dpi600\ectt1095.pk>{8r.enc}<C:/MiKTeX2.6/fonts/type1/bluesky/c
m/cmbx10.pfb><C:/MiKTeX2.6/fonts/type1/bluesky/cm/cmbx12.pfb><C:/MiKTeX2.6/fonts/type1/bluesky/cm/cmr10.pfb><C:/MiKTeX2.
6/fonts/type1/bluesky/cm/cmsl10.pfb><C:/MiKTeX2.6/fonts/type1/bluesky/cm/cmss10.pfb><C:/MiKTeX2.6/fonts/type1/bluesky/cm
/cmsy10.pfb><C:/MiKTeX2.6/fonts/type1/bluesky/cm/cmti10.pfb><C:/MiKTeX2.6/fonts/type1/urw/zapfchan/uzcmi8a.pfb>
Output written on article.pdf (7 pages, 186509 bytes).
PDF statistics:
 156 PDF objects out of 300000 (max. 8388607)
 24 named destinations out of 300000 (max. 131072)
 93 words of extra memory for PDF output out of 65536 (max. 10000000)

