This is pdfTeX, Version 3.141592-1.40.3 (MiKTeX 2.6) (preloaded format=pdflatex 2008.12.8)  21 JAN 2009 10:16
entering extended mode
**C:/TIRAC/Tek/ms/everyshi.ins
(C:\TIRAC\Tek\ms\everyshi.ins
LaTeX2e <2005/12/01>
Babel <v3.8g> and hyphenation patterns for english, dumylang, nohyphenation, german, ngerman, french, loaded.
File: everysel.ins 1998/06/08 v2.03 Installation script for EveryShipout Package (MS)
(C:\MiKTeX2.6\tex\latex\base\docstrip.tex
\blockLevel=\count79
\emptyLines=\count80
\processedLines=\count81
\commentsRemoved=\count82
\commentsPassed=\count83
\codeLinesPassed=\count84
\TotalprocessedLines=\count85
\TotalcommentsRemoved=\count86
\TotalcommentsPassed=\count87
\TotalcodeLinesPassed=\count88
\NumberOfFiles=\count89
\inFile=\read1
\inputcheck=\read2
\off@0=\count90
\off@1=\count91
\off@2=\count92
\off@3=\count93
\off@4=\count94
\off@5=\count95
\off@6=\count96
\off@7=\count97
\off@8=\count98
\off@9=\count99
\off@10=\count100
\off@11=\count101
\off@12=\count102
\off@13=\count103
\off@14=\count104
\off@15=\count105
\@maxfiles=\count106
\@maxoutfiles=\count107

Utility: `docstrip' 2.5d <2005/07/29>
English documentation    <1999/03/31>

**********************************************************
* This program converts documented macro-files into fast *
* loadable files by stripping off (nearly) all comments! *
**********************************************************

********************************************************
* No Configuration file found, using default settings. *
********************************************************

)
***********************************************************
*
* The everyshi distribution contains these files:
*
*   everyshi.asc
*   everyshi.dtx
*   everyshi.dvi
*   everyshi.ins
*   everyshi.bug
*
* If you receive only some of these files from someone, complain!
*
***********************************************************

Generating file(s) ./everyshi.sty ./everyshi.drv 

Processing file everyshi.dtx (package) -> everyshi.sty
                             (driver) -> everyshi.drv
Lines  processed: 406
Comments removed: 312
Comments  passed: 39
Codelines passed: 48

***********************************************************
*
* To finish the installation you have to move the following
* style files into a directory searched by TeX:
*
*   everyshi.sty
*
* To produce the documentation run the file everysel.dtx
* through LaTeX.
*
* Happy TeXing
***********************************************************
 ) 
Here is how much of TeX's memory you used:
 331 strings out of 95305
 3272 string characters out of 1185630
 52857 words of memory out of 1056557
 3595 multiletter control sequences out of 60000
 3640 words of font info for 14 fonts, out of 1000000 for 2000
 14 hyphenation exceptions out of 8191
 11i,0n,15p,140b,130s stack positions out of 5000i,500n,10000p,200000b,32768s

No pages of output.
PDF statistics:
 0 PDF objects out of 300000 (max. 8388607)
 0 named destinations out of 300000 (max. 131072)
 1 words of extra memory for PDF output out of 65536 (max. 10000000)

